
Chris script STARTED - shutting down Fred - Sat Jun 25 00:53:31 UTC 2016
Chris script FINISHED - Fred shut down - Sat Jun 25 00:54:31 UTC 2016
Chris script STARTED - shutting down Chris - Sat Jun 25 00:56:55 UTC 2016
Chris script FINISHED - Chris shut down - Sat Jun 25 00:57:51 UTC 2016
Chris script STARTED - shutting down Fred - Sat Jun 25 00:58:34 UTC 2016
Chris script FINISHED - Fred shut down - Sat Jun 25 00:59:31 UTC 2016
Fred script STARTED - shutting down Chris - Sat Jun 25 01:02:14 UTC 2016
Fred script FINISHED - Chris shut down - Sat Jun 25 01:02:41 UTC 2016
Chris script STARTED - shutting down Fred - Sat Jun 25 01:12:18 UTC 2016
Chris script FINISHED - Fred shut down - Sat Jun 25 01:12:45 UTC 2016
Chris script STARTED - shutting down Chris - Sat Jun 25 01:23:34 UTC 2016
Chris script FINISHED - Chris shut down - Sat Jun 25 01:24:01 UTC 2016
Fred script STARTED - shutting down Fred - Sat Jun 25 01:30:05 UTC 2016
Fred script FINISHED - Fred shut down - Sat Jun 25 01:30:32 UTC 2016
Chris script STARTED - shutting down Fred - Sat Jun 25 01:32:23 UTC 2016
Chris script FINISHED - Fred shut down - Sat Jun 25 01:32:51 UTC 2016
Fred script STARTED - shutting down Chris - Sat Jun 25 01:33:24 UTC 2016
Fred script FINISHED - Chris shut down - Sat Jun 25 01:33:52 UTC 2016
Micah script STARTED - shutting down Fred - Sat Jun 25 01:36:43 UTC 2016
Micah script FINISHED - Fred shut down - Sat Jun 25 01:37:10 UTC 2016
Fred script STARTED - shutting down Micah - Sat Jun 25 01:39:10 UTC 2016
Fred script FINISHED - Micah shut down - Sat Jun 25 01:39:37 UTC 2016
Micah script STARTED - shutting down Fred - Sat Jun 25 01:40:50 UTC 2016
Micah script FINISHED - Fred shut down - Sat Jun 25 01:41:17 UTC 2016
Chris script STARTED - shutting down Micah - Sat Jun 25 02:04:44 UTC 2016
Chris script FINISHED - Micah shut down - Sat Jun 25 02:05:12 UTC 2016
Chris script STARTED - shutting down Chris - Sat Jun 25 02:07:33 UTC 2016
Chris script FINISHED - Chris shut down - Sat Jun 25 02:08:01 UTC 2016
Fred script STARTED - shutting down Chris - Sat Jun 25 02:24:01 UTC 2016
Fred script FINISHED - Chris shut down - Sat Jun 25 02:24:28 UTC 2016
Chris script STARTED - shutting down Fred - Sat Jun 25 02:26:25 UTC 2016
Chris script FINISHED - Fred shut down - Sat Jun 25 02:26:52 UTC 2016
Fred script STARTED - shutting down Chris - Sat Jun 25 02:28:33 UTC 2016
Fred script FINISHED - Chris shut down - Sat Jun 25 02:29:01 UTC 2016
Chris script STARTED - shutting down Fred - Sat Jun 25 02:33:01 UTC 2016
Chris script FINISHED - Fred shut down - Sat Jun 25 02:33:28 UTC 2016
